Date: 07/11/2024 21:25:10
===============
Quantum Package
===============

Git Commit: Dev stable
Git Date  : Wed Nov 8 17:28:59 2023 +0100
Git SHA1  : 0f320db735bfdbdf9861c9cad9f3f64175cc8c3c
EZFIO Dir : /home/ivan/Descargas/QP_examples/h2o/h2o_631g.ezfio/../h2o_631g.ezfio


Task server running : tcp://127.0.1.1:49729
 * mo_label          Canonical
* Number of determinants                                     65297
* Dimension of the psi arrays                                65297
 Read psi_coef       65297           1
* mo_num                                                        13
* N_int                                                          1
 Read  mo_coef
 Read psi_det
 MO map initialized:                  4186
.. >>>>> [ IO READ: mo_class ] <<<<< ..
 AO map initialized :                  4186
 Providing the AO integrals

.. >>>>> [ RES  MEM :          0.016 GB ] [ VIRT MEM :          1.755 GB ] <<<<< ..
.. >>>>> [ WALL TIME:           0.19  s ] [ CPU  TIME:           1.94  s ] <<<<< ..


Nuclear Coordinates (Angstroms)
===============================

================ ============ ============ ============ ============
      Atom          Charge          X            Y            Z 
================ ============ ============ ============ ============
O                    8.000000     0.000000     0.000000     0.117790
H                    1.000000     0.000000     0.755450    -0.471160
H                    1.000000     0.000000    -0.755450    -0.471160
================ ============ ============ ============ ============

Minimal interatomic distance found:       0.9579 Angstrom
 Sorting the map
 AO integrals provided:
  Size of AO map :            2.2930145263671875E-002 MB
  Number of AO integrals :                 2260
  cpu  time :   8.4107999999999850E-002 s
  wall time :   1.4939806999791472E-002 s  ( x    5.6297916031427864       )
 
 AO -> MO integrals transformation
 ---------------------------------
 
* Total available memory (GB)                                   31
* Target maximum memory (GB)                                    31
 Getting AOs
 1st transformation
 2nd transformation
 3rd transformation
 4th transformation
 Molecular integrals provided:
  Size of MO map              3.4364700317382812E-002 MB
  Number of MO integrals:                  1411
  cpu  time :  0.12119000000000013      s
  wall time :   1.0533566000049177E-002 s  ( x    11.505125614576711      )
 Providing the one-electron integrals
* Number of unique alpha determinants                         1246
* Number of unique beta determinants                          1257

.. >>>>> [ RES  MEM :          0.024 GB ] [ VIRT MEM :          3.651 GB ] <<<<< ..
.. >>>>> [ WALL TIME:           0.24  s ] [ CPU  TIME:           2.40  s ] <<<<< ..

* Nuclear repulsion energy                           9.189222121051648    

.. >>>>> [ RES  MEM :          0.027 GB ] [ VIRT MEM :          3.654 GB ] <<<<< ..
.. >>>>> [ WALL TIME:           0.25  s ] [ CPU  TIME:           2.55  s ] <<<<< ..


Davidson Diagonalization
------------------------

* Number of states                                               1
* Number of states in diagonalization                            4
* Number of determinants                                     65297
* Number of threads for diagonalization                         12
* Memory(Gb)                                        0.9211123734712601E-01

===== ================ =========== =========== 
Iter       Energy          S^2       Residual  
===== ================ =========== =========== 
   0    -76.1188353554    0.009652   2.303E-03
   1    -76.1314048391    0.010357   6.999E-03
   2    -76.1938236831    0.286396   1.973E-01
   3    -76.1170739643    0.001975   2.568E-04
   4    -76.1179475939    0.001363   7.925E-05
   5    -76.1183210466    0.001488   3.386E-05
   6    -76.1184881630    0.001931   1.961E-05
   7    -76.1185921888    0.002607   1.475E-05
   8    -76.1186779813    0.003690   1.253E-05
   9    -76.1187750504    0.005800   1.755E-05
  10    -76.1189564622    0.011662   3.826E-05
  11    -76.1196440137    0.066912   2.128E-04
  12    -76.1168736603    0.168792   3.401E-04
  13    -76.1178270445    0.046709   4.115E-05
  14    -76.1180102096    0.032116   1.193E-05
   1    -76.1180557489    0.032114   6.163E-06
   2    -76.1180962225    0.032226   5.326E-06
   3    -76.1181322552    0.032514   5.837E-06
   4    -76.1181619981    0.033276   3.910E-06
   5    -76.1181870674    0.034459   4.589E-06
   6    -76.1182076772    0.035898   3.580E-06
   7    -76.1182241700    0.037427   2.772E-06
   8    -76.1182383406    0.039000   2.389E-06
   9    -76.1182529167    0.041060   2.467E-06
  10    -76.1182701201    0.044182   4.004E-06
  11    -76.1183239894    0.056946   2.100E-05
  12    -76.1181169357    0.023084   5.469E-05
  13    -76.1182228966    0.035680   6.926E-06
  14    -76.1182701741    0.047301   8.728E-06
   1    -76.1182985442    0.047243   4.897E-06
   2    -76.1183326698    0.047837   1.122E-05
   3    -76.1185367063    0.054427   1.513E-04
   4    -76.1182030636    0.045363   2.155E-05
   5    -76.1182614852    0.046266   5.741E-06
   6    -76.1182840342    0.046989   3.369E-06
   7    -76.1182994631    0.047845   2.808E-06
   8    -76.1183175933    0.049691   4.419E-06
   9    -76.1183620883    0.056470   1.303E-05
  10    -76.1185609400    0.100094   8.520E-05
  11    -76.1177556161    0.022234   1.477E-04
  12    -76.1180827382    0.018606   1.333E-05
  13    -76.1181397364    0.022139   3.730E-06
  14    -76.1181587339    0.023268   1.871E-06
   1    -76.1181655625    0.023089   1.105E-06
   2    -76.1181718036    0.022641   9.253E-07
   3    -76.1181779755    0.021926   9.839E-07
   4    -76.1181840091    0.021025   9.149E-07
   5    -76.1181896361    0.019987   8.364E-07
   6    -76.1181955984    0.018665   1.094E-06
   7    -76.1182048736    0.016547   2.128E-06
   8    -76.1182263430    0.012127   6.596E-06
   9    -76.1179083794    0.226765   3.741E-04
  10    -76.1181722908    0.027711   4.309E-06
  11    -76.1181903253    0.020916   2.637E-06
  12    -76.1182487995    0.007515   1.096E-04
  13    -76.1181846877    0.026666   1.816E-06
  14    -76.1181900260    0.024331   3.985E-07
   1    -76.1181911794    0.024362   1.591E-07
   2    -76.1181919921    0.024455   1.073E-07
   3    -76.1181925790    0.024574   1.012E-07
   4    -76.1181930811    0.024728   7.607E-08
   5    -76.1181935438    0.024897   8.710E-08
   6    -76.1181940437    0.025104   8.798E-08
   7    -76.1181946626    0.025368   1.067E-07
   8    -76.1181953265    0.025651   1.328E-07
   9    -76.1181966013    0.026203   4.736E-07
  10    -76.1181942520    0.025332   5.163E-07
  11    -76.1181954088    0.025787   9.810E-08
  12    -76.1181958187    0.025986   8.697E-08
  13    -76.1181961773    0.026235   6.399E-08
  14    -76.1181965577    0.026577   9.684E-08
   1    -76.1181967940    0.026618   5.263E-08
   2    -76.1181970502    0.026724   9.429E-08
   3    -76.1181974160    0.026987   9.234E-08
   4    -76.1181980597    0.027483   2.724E-07
   5    -76.1181995898    0.028836   3.896E-07
   6    -76.1182060095    0.035053   5.745E-06
   7    -76.1181741526    0.012576   1.073E-05
   8    -76.1181908968    0.021740   9.234E-07
   9    -76.1181945710    0.024610   4.845E-07
  10    -76.1182002767    0.029876   2.615E-06
  11    -76.1181825597    0.015575   4.507E-06
  12    -76.1181909720    0.021302   4.201E-07
  13    -76.1181925330    0.022467   1.274E-07
  14    -76.1181933256    0.023006   1.004E-07
   1    -76.1181936614    0.022994   4.096E-08
   2    -76.1181939209    0.022947   3.459E-08
   3    -76.1181941545    0.022891   3.294E-08
   4    -76.1181943891    0.022810   4.062E-08
